<?xml version="1.0" encoding="UTF-8"?>
<!-- Generated by org.testng.reporters.JUnitReportReporter -->
<testsuite skipped="0" hostname="DESKTOP-CA5IBLN" name="noermTest.selTest" tests="2" failures="0" timestamp="05 jun 2019 16:43:09 GMT" time="0.000" errors="0">
  <testcase name="elementUI" time="0.000" classname="noermTest.selTest"/>
  <testcase name="BrowserAUT" time="0.000" classname="noermTest.selTest"/>
</testsuite> <!-- noermTest.selTest -->
